Determining if the pthread_create exist failed with the following output:
Change Dir: /home/dw/first_ws/build/CMakeFiles/CMakeTmp

Run Build Command:"/usr/bin/make" "cmTC_73811/fast"
/usr/bin/make -f CMakeFiles/cmTC_73811.dir/build.make CMakeFiles/cmTC_73811.dir/build
make[1]: Entering directory '/home/dw/first_ws/build/CMakeFiles/CMakeTmp'
Building C object CMakeFiles/cmTC_73811.dir/CheckSymbolExists.c.o
/usr/bin/cc    -o CMakeFiles/cmTC_73811.dir/CheckSymbolExists.c.o   -c /home/dw/first_ws/build/CMakeFiles/CMakeTmp/CheckSymbolExists.c
Linking C executable cmTC_73811
/usr/bin/cmake -E cmake_link_script CMakeFiles/cmTC_73811.dir/link.txt --verbose=1
/usr/bin/cc      -rdynamic CMakeFiles/cmTC_73811.dir/CheckSymbolExists.c.o  -o cmTC_73811 
CMakeFiles/cmTC_73811.dir/CheckSymbolExists.c.o: In function `main':
CheckSymbolExists.c:(.text+0x1b): undefined reference to `pthread_create'
collect2: error: ld returned 1 exit status
CMakeFiles/cmTC_73811.dir/build.make:97: recipe for target 'cmTC_73811' failed
make[1]: *** [cmTC_73811] Error 1
make[1]: Leaving directory '/home/dw/first_ws/build/CMakeFiles/CMakeTmp'
Makefile:126: recipe for target 'cmTC_73811/fast' failed
make: *** [cmTC_73811/fast] Error 2

File /home/dw/first_ws/build/CMakeFiles/CMakeTmp/CheckSymbolExists.c:
/* */
#include <pthread.h>

int main(int argc, char** argv)
{
  (void)argv;
#ifndef pthread_create
  return ((int*)(&pthread_create))[argc];
#else
  (void)argc;
  return 0;
#endif
}

Determining if the function pthread_create exists in the pthreads failed with the following output:
Change Dir: /home/dw/first_ws/build/CMakeFiles/CMakeTmp

Run Build Command:"/usr/bin/make" "cmTC_f938a/fast"
/usr/bin/make -f CMakeFiles/cmTC_f938a.dir/build.make CMakeFiles/cmTC_f938a.dir/build
make[1]: Entering directory '/home/dw/first_ws/build/CMakeFiles/CMakeTmp'
Building C object CMakeFiles/cmTC_f938a.dir/CheckFunctionExists.c.o
/usr/bin/cc   -DCHECK_FUNCTION_EXISTS=pthread_create   -o CMakeFiles/cmTC_f938a.dir/CheckFunctionExists.c.o   -c /usr/share/cmake-3.10/Modules/CheckFunctionExists.c
Linking C executable cmTC_f938a
/usr/bin/cmake -E cmake_link_script CMakeFiles/cmTC_f938a.dir/link.txt --verbose=1
/usr/bin/cc  -DCHECK_FUNCTION_EXISTS=pthread_create    -rdynamic CMakeFiles/cmTC_f938a.dir/CheckFunctionExists.c.o  -o cmTC_f938a -lpthreads 
/usr/bin/ld: cannot find -lpthreads
collect2: error: ld returned 1 exit status
CMakeFiles/cmTC_f938a.dir/build.make:97: recipe for target 'cmTC_f938a' failed
make[1]: *** [cmTC_f938a] Error 1
make[1]: Leaving directory '/home/dw/first_ws/build/CMakeFiles/CMakeTmp'
Makefile:126: recipe for target 'cmTC_f938a/fast' failed
make: *** [cmTC_f938a/fast] Error 2


